c:\users\hew98\onedrive\document\directx projects\game\client\x64\debug\client.pch
c:\users\hew98\onedrive\document\directx projects\game\client\x64\debug\vc143.pdb
c:\users\hew98\onedrive\document\directx projects\game\client\x64\debug\vc143.idb
c:\users\hew98\onedrive\document\directx projects\game\client\x64\debug\pch.obj
c:\users\hew98\onedrive\document\directx projects\game\client\x64\debug\game.obj
c:\users\hew98\onedrive\document\directx projects\game\client\x64\debug\client.obj
c:\users\hew98\onedrive\document\directx projects\game\output\client.exe
c:\users\hew98\onedrive\document\directx projects\game\output\client.pdb
c:\users\hew98\onedrive\document\directx projects\game\client\x64\debug\client.res
c:\users\hew98\onedrive\document\directx projects\game\client\x64\debug\client.ilk
c:\users\hew98\onedrive\document\directx projects\game\client\x64\debug\client.tlog\cl.command.1.tlog
c:\users\hew98\onedrive\document\directx projects\game\client\x64\debug\client.tlog\cl.items.tlog
c:\users\hew98\onedrive\document\directx projects\game\client\x64\debug\client.tlog\cl.read.1.tlog
c:\users\hew98\onedrive\document\directx projects\game\client\x64\debug\client.tlog\cl.write.1.tlog
c:\users\hew98\onedrive\document\directx projects\game\client\x64\debug\client.tlog\link.command.1.tlog
c:\users\hew98\onedrive\document\directx projects\game\client\x64\debug\client.tlog\link.read.1.tlog
c:\users\hew98\onedrive\document\directx projects\game\client\x64\debug\client.tlog\link.secondary.1.tlog
c:\users\hew98\onedrive\document\directx projects\game\client\x64\debug\client.tlog\link.write.1.tlog
c:\users\hew98\onedrive\document\directx projects\game\client\x64\debug\client.tlog\rc.command.1.tlog
c:\users\hew98\onedrive\document\directx projects\game\client\x64\debug\client.tlog\rc.read.1.tlog
c:\users\hew98\onedrive\document\directx projects\game\client\x64\debug\client.tlog\rc.write.1.tlog
