c:\users\hew98\onedrive\document\directx\game\engine\x64\debug\engine.pch
c:\users\hew98\onedrive\document\directx\game\output\engine.pdb
c:\users\hew98\onedrive\document\directx\game\output\engine.idb
c:\users\hew98\onedrive\document\directx\game\engine\x64\debug\pch.obj
c:\users\hew98\onedrive\document\directx\game\engine\x64\debug\scenemanager.obj
c:\users\hew98\onedrive\document\directx\game\engine\x64\debug\scene.obj
c:\users\hew98\onedrive\document\directx\game\engine\x64\debug\rootsignature.obj
c:\users\hew98\onedrive\document\directx\game\engine\x64\debug\resources.obj
c:\users\hew98\onedrive\document\directx\game\engine\x64\debug\object.obj
c:\users\hew98\onedrive\document\directx\game\engine\x64\debug\monobehaviour.obj
c:\users\hew98\onedrive\document\directx\game\engine\x64\debug\meshrenderer.obj
c:\users\hew98\onedrive\document\directx\game\engine\x64\debug\mesh.obj
c:\users\hew98\onedrive\document\directx\game\engine\x64\debug\material.obj
c:\users\hew98\onedrive\document\directx\game\engine\x64\debug\light.obj
c:\users\hew98\onedrive\document\directx\game\engine\x64\debug\input.obj
c:\users\hew98\onedrive\document\directx\game\engine\x64\debug\gameobject.obj
c:\users\hew98\onedrive\document\directx\game\engine\x64\debug\enginepch.obj
c:\users\hew98\onedrive\document\directx\game\engine\x64\debug\engine.obj
c:\users\hew98\onedrive\document\directx\game\engine\x64\debug\device.obj
c:\users\hew98\onedrive\document\directx\game\engine\x64\debug\depthstencilbuffer.obj
c:\users\hew98\onedrive\document\directx\game\engine\x64\debug\constantbuffer.obj
c:\users\hew98\onedrive\document\directx\game\engine\x64\debug\component.obj
c:\users\hew98\onedrive\document\directx\game\engine\x64\debug\commandqueue.obj
c:\users\hew98\onedrive\document\directx\game\engine\x64\debug\camera.obj
c:\users\hew98\onedrive\document\directx\game\engine\x64\debug\transform.obj
c:\users\hew98\onedrive\document\directx\game\engine\x64\debug\timer.obj
c:\users\hew98\onedrive\document\directx\game\engine\x64\debug\texture.obj
c:\users\hew98\onedrive\document\directx\game\engine\x64\debug\testcamerascript.obj
c:\users\hew98\onedrive\document\directx\game\engine\x64\debug\tabledescriptorheap.obj
c:\users\hew98\onedrive\document\directx\game\engine\x64\debug\swapchain.obj
c:\users\hew98\onedrive\document\directx\game\engine\x64\debug\simplemath.obj
c:\users\hew98\onedrive\document\directx\game\engine\x64\debug\shader.obj
c:\users\hew98\onedrive\document\directx\game\output\engine.lib
c:\users\hew98\onedrive\document\directx\game\engine\x64\debug\engine.tlog\cl.command.1.tlog
c:\users\hew98\onedrive\document\directx\game\engine\x64\debug\engine.tlog\cl.items.tlog
c:\users\hew98\onedrive\document\directx\game\engine\x64\debug\engine.tlog\cl.read.1.tlog
c:\users\hew98\onedrive\document\directx\game\engine\x64\debug\engine.tlog\cl.write.1.tlog
c:\users\hew98\onedrive\document\directx\game\engine\x64\debug\engine.tlog\lib-link.read.1.tlog
c:\users\hew98\onedrive\document\directx\game\engine\x64\debug\engine.tlog\lib-link.write.1.tlog
c:\users\hew98\onedrive\document\directx\game\engine\x64\debug\engine.tlog\lib.command.1.tlog
